Grammar

    0 $accept: ident $end

    1 ident: IDENT


Terminals, with rules where they appear

$end (0) 0
error (256)
IDENT (258) 1


Nonterminals, with rules where they appear

$accept (4)
    on left: 0
ident (5)
    on left: 1, on right: 0


State 0

    0 $accept: . ident $end

    IDENT  shift, and go to state 1

    ident  go to state 2


State 1

    1 ident: IDENT .

    $default  reduce using rule 1 (ident)


State 2

    0 $accept: ident . $end

    $end  shift, and go to state 3


State 3

    0 $accept: ident $end .

    $default  accept
